<?xml version="1.0" encoding="UTF-8"?>
<!-- Generated by org.testng.reporters.JUnitXMLReporter -->
<testsuite ignored="0" hostname="Nianzis-MBP.lan" failures="0" tests="5" name="Default test" time="7.528" errors="0" timestamp="2021-11-21T00:49:58 CST">
  <testcase classname="test.formTest" name="titleTest" time="0.014"/>
  <testcase classname="test.formTest" name="inputTest" time="1.357"/>
  <testcase classname="test.formTest" name="submitTest" time="0.396"/>
  <testcase classname="test.formTest" name="resultTest" time="0.219"/>
  <testcase classname="test.formTest" name="mapTest" time="0.048"/>
</testsuite> <!-- Default test -->
